<?xml version="1.0" encoding="UTF-8"?>
<testng-results ignored="0" total="1" passed="1" failed="0" skipped="0">
  <reporter-output>
  </reporter-output>
  <suite started-at="2019-10-17T15:31:25 IST" name="Automation Test Report" finished-at="2019-10-17T15:31:40 IST" duration-ms="15135">
    <groups>
    </groups>
    <test started-at="2019-10-17T15:31:25 IST" name="Automation Test Report" finished-at="2019-10-17T15:31:40 IST" duration-ms="15135">
      <class name="com.ibm.testautomation.testrunner.TestRunner">
        <test-method is-config="true" signature="setUpClass()[pri:0, instance:com.ibm.testautomation.testrunner.TestRunner@49b0b76]" started-at="2019-10-17T15:31:25 IST" name="setUpClass" finished-at="2019-10-17T15:31:25 IST" duration-ms="139" status="PASS">
          <reporter-output>
          </reporter-output>
        </test-method> <!-- setUpClass -->
        <test-method signature="feature(cucumber.api.testng.PickleEventWrapper, cucumber.api.testng.CucumberFeatureWrapper)[pri:0, instance:com.ibm.testautomation.testrunner.TestRunner@49b0b76]" started-at="2019-10-17T15:31:25 IST" name="feature" data-provider="features" finished-at="2019-10-17T15:31:40 IST" duration-ms="14769" status="PASS">
          <params>
            <param index="0">
              <value>
                <![CDATA["Verify Google Search is Working Properly"]]>
              </value>
            </param>
            <param index="1">
              <value>
                <![CDATA["Google Search Page Check"]]>
              </value>
            </param>
          </params>
          <reporter-output>
          </reporter-output>
        </test-method> <!-- feature -->
        <test-method is-config="true" signature="tearDownClass()[pri:0, instance:com.ibm.testautomation.testrunner.TestRunner@49b0b76]" started-at="2019-10-17T15:31:40 IST" name="tearDownClass" finished-at="2019-10-17T15:31:40 IST" duration-ms="5" status="PASS">
          <reporter-output>
          </reporter-output>
        </test-method> <!-- tearDownClass -->
      </class> <!-- com.ibm.testautomation.testrunner.TestRunner -->
    </test> <!-- Automation Test Report -->
  </suite> <!-- Automation Test Report -->
</testng-results>
